<?xml version="1.0" encoding="UTF-8"?>
<!-- Generated by org.testng.reporters.JUnitReportReporter -->
<testsuite hostname="ustjava82" failures="0" tests="2" name="cucumbertestng.TestRunner" time="27.967" errors="0" timestamp="2021-11-05T22:23:13 GMT+05:30" skipped="0">
  <testcase classname="cucumbertestng.TestRunner" name="runScenario" time="14.622"/>
  <system-out/>
  <testcase classname="cucumbertestng.TestRunner" name="runScenario" time="13.345"/>
  <system-out/>
</testsuite> <!-- cucumbertestng.TestRunner -->
