<?xml version="1.0" encoding="UTF-8"?>
<!-- Generated by org.testng.reporters.JUnitReportReporter -->
<testsuite skipped="0" hostname="ustjava14" name="testRun.testRunner" tests="2" failures="0" timestamp="2021-11-09T14:33:33 GMT+05:30" time="16.762" errors="0">
  <testcase name="runScenario" time="6.679" classname="testRun.testRunner"/>
  <system-out/>
  <testcase name="runScenario" time="10.083" classname="testRun.testRunner"/>
  <system-out/>
</testsuite> <!-- testRun.testRunner -->
