<?xml version="1.0" encoding="UTF-8"?>
<!-- Generated by org.testng.reporters.JUnitReportReporter -->
<testsuite hostname="ustjava82" failures="0" tests="1" name="jenkinscucumber.TestRunner" time="4.328" errors="0" timestamp="2021-11-10T00:22:42 GMT+05:30" skipped="0">
  <testcase classname="jenkinscucumber.TestRunner" name="runScenario" time="4.328"/>
  <system-out/>
</testsuite> <!-- jenkinscucumber.TestRunner -->
